  Trwa skanowanie źródeł pod kątem zależności modułów...
Paths.ixx.obj : error LNK2019: nierozpoznany symbol zewnętrzny "__declspec(dllimport) public: __cdecl std::_Lockit::_Lockit(int)" (__imp_??0_Lockit@std@@QEAA@H@Z::<!Paths>) przywołany w funkcji "private: void __cdecl std::_Iterator_base12::_Adopt_locked(struct std::_Container_base12 const *)" (?_Adopt_locked@_Iterator_base12@std@@AEAAXPEBU_Container_base12@2@@Z::<!Paths>)
    Wskazówki dla symboli, które są zdefiniowane i mogą potencjalnie pasować:
      "__declspec(dllimport) public: __cdecl std::_Lockit::_Lockit(int)" (__imp_??0_Lockit@std@@QEAA@H@Z)
Paths.ixx.obj : error LNK2019: nierozpoznany symbol zewnętrzny "__declspec(dllimport) public: __cdecl std::_Lockit::~_Lockit(void)" (__imp_??1_Lockit@std@@QEAA@XZ::<!Paths>) przywołany w funkcji "private: void __cdecl std::_Iterator_base12::_Adopt_locked(struct std::_Container_base12 const *)" (?_Adopt_locked@_Iterator_base12@std@@AEAAXPEBU_Container_base12@2@@Z::<!Paths>)
    Wskazówki dla symboli, które są zdefiniowane i mogą potencjalnie pasować:
      "__declspec(dllimport) public: __cdecl std::_Lockit::~_Lockit(void)" (__imp_??1_Lockit@std@@QEAA@XZ)
Paths.ixx.obj : error LNK2019: nierozpoznany symbol zewnętrzny "void __cdecl __ExceptionPtrCreate(void *)" (?__ExceptionPtrCreate@@YAXPEAX@Z::<!Paths>) przywołany w funkcji "public: __cdecl std::exception_ptr::exception_ptr(std::nullptr_t)" (??0exception_ptr@std@@QEAA@$$T@Z::<!Paths>)
Paths.ixx.obj : error LNK2019: nierozpoznany symbol zewnętrzny "void __cdecl __ExceptionPtrDestroy(void *)" (?__ExceptionPtrDestroy@@YAXPEAX@Z::<!Paths>) przywołany w funkcji "public: __cdecl std::exception_ptr::~exception_ptr(void)" (??1exception_ptr@std@@QEAA@XZ::<!Paths>)
Paths.ixx.obj : error LNK2019: nierozpoznany symbol zewnętrzny "void __cdecl __ExceptionPtrCopy(void *,void const *)" (?__ExceptionPtrCopy@@YAXPEAXPEBX@Z::<!Paths>) przywołany w funkcji "public: __cdecl std::exception_ptr::exception_ptr(class std::exception_ptr const &)" (??0exception_ptr@std@@QEAA@AEBV01@@Z::<!Paths>)
Paths.ixx.obj : error LNK2019: nierozpoznany symbol zewnętrzny "void __cdecl __ExceptionPtrAssign(void *,void const *)" (?__ExceptionPtrAssign@@YAXPEAXPEBX@Z::<!Paths>) przywołany w funkcji "public: class std::exception_ptr & __cdecl std::exception_ptr::operator=(std::nullptr_t)" (??4exception_ptr@std@@QEAAAEAV01@$$T@Z::<!Paths>)
Paths.ixx.obj : error LNK2019: nierozpoznany symbol zewnętrzny "bool __cdecl __ExceptionPtrCompare(void const *,void const *)" (?__ExceptionPtrCompare@@YA_NPEBX0@Z::<!Paths>) przywołany w funkcji "bool __cdecl std::operator==(class std::exception_ptr const &,class std::exception_ptr const &)" (??8std@@YA_NAEBVexception_ptr@0@0@Z::<!Paths>)
Paths.ixx.obj : error LNK2019: nierozpoznany symbol zewnętrzny "bool __cdecl __ExceptionPtrToBool(void const *)" (?__ExceptionPtrToBool@@YA_NPEBX@Z::<!Paths>) przywołany w funkcji "public: __cdecl std::exception_ptr::operator bool(void)const " (??Bexception_ptr@std@@QEBA_NXZ::<!Paths>)
Paths.ixx.obj : error LNK2019: nierozpoznany symbol zewnętrzny "void __cdecl __ExceptionPtrSwap(void *,void *)" (?__ExceptionPtrSwap@@YAXPEAX0@Z::<!Paths>) przywołany w funkcji "void __cdecl std::swap(class std::exception_ptr &,class std::exception_ptr &)" (?swap@std@@YAXAEAVexception_ptr@1@0@Z::<!Paths>)
Paths.ixx.obj : error LNK2019: nierozpoznany symbol zewnętrzny "void __cdecl __ExceptionPtrCurrentException(void *)" (?__ExceptionPtrCurrentException@@YAXPEAX@Z::<!Paths>) przywołany w funkcji "public: static class std::exception_ptr __cdecl std::exception_ptr::_Current_exception(void)" (?_Current_exception@exception_ptr@std@@SA?AV12@XZ::<!Paths>)
Paths.ixx.obj : error LNK2019: nierozpoznany symbol zewnętrzny "void __cdecl __ExceptionPtrRethrow(void const *)" (?__ExceptionPtrRethrow@@YAXPEBX@Z::<!Paths>) przywołany w funkcji "void __cdecl std::rethrow_exception(class std::exception_ptr)" (?rethrow_exception@std@@YAXVexception_ptr@1@@Z::<!Paths>)
Paths.ixx.obj : error LNK2019: nierozpoznany symbol zewnętrzny "void __cdecl __ExceptionPtrCopyException(void *,void const *,void const *)" (?__ExceptionPtrCopyException@@YAXPEAXPEBX1@Z::<!Paths>) przywołany w funkcji "public: static class std::exception_ptr __cdecl std::exception_ptr::_Copy_exception(void *,void const *)" (?_Copy_exception@exception_ptr@std@@SA?AV12@PEAXPEBX@Z::<!Paths>)
Paths.ixx.obj : error LNK2019: nierozpoznany symbol zewnętrzny "void __cdecl std::_Xinvalid_argument(char const *)" (?_Xinvalid_argument@std@@YAXPEBD@Z::<!Paths>) przywołany w funkcji "double __cdecl std::stod(class std::basic_string<char,struct std::char_traits<char>,class std::allocator<char> > const &,unsigned __int64 *)" (?stod@std@@YANAEBV?$basic_string@DU?$char_traits@D@std@@V?$allocator@D@2@@1@PEA_K@Z::<!Paths>)
Paths.ixx.obj : error LNK2019: nierozpoznany symbol zewnętrzny "void __cdecl std::_Xlength_error(char const *)" (?_Xlength_error@std@@YAXPEBD@Z::<!Paths>) przywołany w funkcji "void __cdecl std::_Xlen_string(void)" (?_Xlen_string@std@@YAXXZ::<!Paths>)
Paths.ixx.obj : error LNK2019: nierozpoznany symbol zewnętrzny "void __cdecl std::_Xout_of_range(char const *)" (?_Xout_of_range@std@@YAXPEBD@Z::<!Paths>) przywołany w funkcji "double __cdecl std::stod(class std::basic_string<char,struct std::char_traits<char>,class std::allocator<char> > const &,unsigned __int64 *)" (?stod@std@@YANAEBV?$basic_string@DU?$char_traits@D@std@@V?$allocator@D@2@@1@PEA_K@Z::<!Paths>)
C:\Users\Karoo\191720eb-gr22-repo\Projekt\IcyTowerGame\x64\Debug\IcyTowerGame.exe : fatal error LNK1120: liczba nierozpoznanych elementów zewnętrznych: 15
