c:\users\karoo\onedrive\pulpit\projekty\sklep\sklep\x64\debug\vc143.pdb
c:\users\karoo\onedrive\pulpit\projekty\sklep\sklep\x64\debug\vc143.idb
c:\users\karoo\onedrive\pulpit\projekty\sklep\sklep\x64\debug\uzytkownik.obj
c:\users\karoo\onedrive\pulpit\projekty\sklep\sklep\x64\debug\sklep.obj
c:\users\karoo\onedrive\pulpit\projekty\sklep\sklep\x64\debug\produkt.obj
c:\users\karoo\onedrive\pulpit\projekty\sklep\sklep\x64\debug\kasa.obj
c:\users\karoo\onedrive\pulpit\projekty\sklep\sklep\x64\debug\funkcje.obj
c:\users\karoo\onedrive\pulpit\projekty\sklep\sklep\x64\debug\produkt_na_ilosc.obj
c:\users\karoo\onedrive\pulpit\projekty\sklep\sklep\x64\debug\produkt_na_wage.obj
c:\users\karoo\onedrive\pulpit\projekty\sklep\sklep\x64\debug\kasjer.obj
c:\users\karoo\onedrive\pulpit\projekty\sklep\sklep\x64\debug\administrator.obj
c:\users\karoo\onedrive\pulpit\projekty\sklep\x64\debug\sklep.exe
c:\users\karoo\onedrive\pulpit\projekty\sklep\sklep\x64\debug\sklep.ilk
c:\users\karoo\onedrive\pulpit\projekty\sklep\x64\debug\sklep.pdb
c:\users\karoo\onedrive\pulpit\projekty\sklep\sklep\x64\debug\sklep.tlog\cl.command.1.tlog
c:\users\karoo\onedrive\pulpit\projekty\sklep\sklep\x64\debug\sklep.tlog\cl.read.1.tlog
c:\users\karoo\onedrive\pulpit\projekty\sklep\sklep\x64\debug\sklep.tlog\cl.write.1.tlog
c:\users\karoo\onedrive\pulpit\projekty\sklep\sklep\x64\debug\sklep.tlog\link.command.1.tlog
c:\users\karoo\onedrive\pulpit\projekty\sklep\sklep\x64\debug\sklep.tlog\link.read.1.tlog
c:\users\karoo\onedrive\pulpit\projekty\sklep\sklep\x64\debug\sklep.tlog\link.write.1.tlog
